<?xml version="1.0" encoding="UTF-8"?>
<!-- Generated by org.testng.reporters.JUnitReportReporter -->
<testsuite hostname="DESKTOP-U9KGDGS" name="runners.MainRunner_Test" tests="1" failures="0" timestamp="30 Jul 2019 06:56:32 GMT" time="13.215" errors="0">
  <testcase name="feature" time="13.215" classname="runners.MainRunner_Test"/>
</testsuite> <!-- runners.MainRunner_Test -->
