<?xml version="1.0" encoding="UTF-8"?>
<!-- Generated by org.testng.reporters.JUnitReportReporter -->
<testsuite hostname="DESKTOP-U9KGDGS" name="runners.MainRunner_Test" tests="1" failures="0" timestamp="31 Jul 2019 10:31:30 GMT" time="111.610" errors="0">
  <testcase name="feature" time="111.610" classname="runners.MainRunner_Test"/>
</testsuite> <!-- runners.MainRunner_Test -->
