<?xml version="1.0" encoding="UTF-8"?>
<!-- Generated by org.testng.reporters.JUnitReportReporter -->
<testsuite hostname="DESKTOP-U9KGDGS" name="runners.TestRunner_Test" tests="1" failures="0" timestamp="31 Jul 2019 10:23:47 GMT" time="18.479" errors="0">
  <testcase name="feature" time="18.479" classname="runners.TestRunner_Test"/>
</testsuite> <!-- runners.TestRunner_Test -->
